-------------------------------------------------------------------

-> Path for all users:

C:\ProgramData\Microsoft\Windows\Start Menu\Programs

--------------------------------------------------------------------

-> Path for current user:

C:\Users\user\AppData\Roaming\Microsoft\Windows\Start Menu\Programs

--------------------------------------------------------------------

Items:

- kigen
- toshokan
- sagyoba
- daunrodo
- kami
- gazo
- eizo
- torakku

- gram
- Screenshots
- jikkou
- shuryo
