# about:config

browser.urlbar.scotchBonnet.enableOverride -> false (remove search engine icon from url bar)

browser.vpn.promo.enabled -> false (remove vpn promo from private window)

browser.privatebrowsing.vpnpromourl -> clear value (remove vpn promo from private window)

ui.key.menuAccessKeyFocuses -> false (disable press 'alt' toggles menu options)

screen-api.transition-duration.enter -> 0 0 (disable fullscreen transition on enter)

screen-api.transition-duration.leave -> 0 0 (disable fullscreen transition on leave)

full-screen-api.warning.timeout -> 0 (remove fullscreen warning)


# about:profiles

1. toolkit.legacyUserProfileCustomizations.stylesheets -> true (enable css customization)

2. Go to profile root directoy -> about:profiles -> root directory (e.g., 'C:\Users\rgm-79N\AppData\Roaming\Mozilla\Firefox\Profiles\lptobh7j.default-release')

3. Create a directory called 'chrome'

4. Within it copy/create the file 'userChrome.css'

5. Save it and reopen firefox


# about:preferences#privacy (so that firefox doesn't log you out)

1. Go to -> about:preferences#privacy.

2. Scroll down to Cookies and Site Data. 

3. Uncheck the box that says "Delete cookies and site data when Firefox is closed".


# Disable AI tab suggestion

Go to -> Use AI to suggest tabs and a name for tab groups -> uncheck









